[21-Aug-2025 18:20:31 Europe/Berlin] Payment error [TXN: PGTXN_1755793231657]: Could not interpret plain text response
[21-Aug-2025 18:20:36 Europe/Berlin] Payment error [TXN: PGTXN_1755793231657]: Could not interpret plain text response
[21-Aug-2025 18:20:41 Europe/Berlin] Payment error [TXN: PGTXN_1755793231657]: Could not interpret plain text response
[21-Aug-2025 18:20:46 Europe/Berlin] Payment error [TXN: PGTXN_1755793231657]: Could not interpret plain text response
[21-Aug-2025 18:20:51 Europe/Berlin] Payment error [TXN: PGTXN_1755793231657]: Could not interpret plain text response
[21-Aug-2025 18:20:56 Europe/Berlin] Payment error [TXN: PGTXN_1755793231657]: Could not interpret plain text response
[21-Aug-2025 18:21:01 Europe/Berlin] Payment error [TXN: PGTXN_1755793231657]: Could not interpret plain text response
[21-Aug-2025 18:21:04 Europe/Berlin] Payment error [TXN: PGTXN_1755793231657]: Could not interpret plain text response
[21-Aug-2025 18:21:09 Europe/Berlin] Payment error [TXN: PGTXN_1755793231657]: Could not interpret plain text response
[21-Aug-2025 18:21:14 Europe/Berlin] Payment error [TXN: PGTXN_1755793231657]: Could not interpret plain text response
[21-Aug-2025 18:21:19 Europe/Berlin] Payment error [TXN: PGTXN_1755793231657]: Could not interpret plain text response
[21-Aug-2025 18:21:24 Europe/Berlin] Payment error [TXN: PGTXN_1755793231657]: Could not interpret plain text response
[21-Aug-2025 18:21:28 Europe/Berlin] Payment error [TXN: PGTXN_1755793231657]: Could not interpret plain text response
[21-Aug-2025 18:21:33 Europe/Berlin] Payment error [TXN: PGTXN_1755793231657]: Could not interpret plain text response
[21-Aug-2025 18:21:38 Europe/Berlin] Payment error [TXN: PGTXN_1755793231657]: Could not interpret plain text response
[21-Aug-2025 18:21:43 Europe/Berlin] Payment error [TXN: PGTXN_1755793231657]: Could not interpret plain text response
[21-Aug-2025 18:21:48 Europe/Berlin] Payment error [TXN: PGTXN_1755793231657]: Could not interpret plain text response
[21-Aug-2025 18:21:53 Europe/Berlin] Payment error [TXN: PGTXN_1755793231657]: Could not interpret plain text response
[21-Aug-2025 18:21:58 Europe/Berlin] Payment error [TXN: PGTXN_1755793231657]: Could not interpret plain text response
[21-Aug-2025 18:22:03 Europe/Berlin] Payment error [TXN: PGTXN_1755793231657]: Could not interpret plain text response
[21-Aug-2025 18:22:08 Europe/Berlin] Payment error [TXN: PGTXN_1755793231657]: Could not interpret plain text response
[21-Aug-2025 18:22:13 Europe/Berlin] Payment error [TXN: PGTXN_1755793231657]: Could not interpret plain text response
[21-Aug-2025 18:22:18 Europe/Berlin] Payment error [TXN: PGTXN_1755793231657]: Could not interpret plain text response
[21-Aug-2025 18:22:23 Europe/Berlin] Payment error [TXN: PGTXN_1755793231657]: Could not interpret plain text response
[21-Aug-2025 18:22:28 Europe/Berlin] Payment error [TXN: PGTXN_1755793231657]: Could not interpret plain text response
[21-Aug-2025 18:22:33 Europe/Berlin] Payment error [TXN: PGTXN_1755793231657]: Could not interpret plain text response
[21-Aug-2025 18:22:38 Europe/Berlin] Payment error [TXN: PGTXN_1755793231657]: Could not interpret plain text response
[21-Aug-2025 18:22:43 Europe/Berlin] Payment error [TXN: PGTXN_1755793231657]: Could not interpret plain text response
[21-Aug-2025 18:22:49 Europe/Berlin] Payment error [TXN: PGTXN_1755793231657]: Could not interpret plain text response
[21-Aug-2025 18:22:53 Europe/Berlin] Payment error [TXN: PGTXN_1755793231657]: Could not interpret plain text response
[21-Aug-2025 18:23:54 Europe/Berlin] Payment error [TXN: PGTXN_1755793231657]: Could not interpret plain text response
[21-Aug-2025 18:24:55 Europe/Berlin] Payment error [TXN: PGTXN_1755793231657]: Could not interpret plain text response
[21-Aug-2025 18:25:56 Europe/Berlin] Payment error [TXN: PGTXN_1755793231657]: Could not interpret plain text response
[21-Aug-2025 18:26:56 Europe/Berlin] Payment error [TXN: PGTXN_1755793231657]: Could not interpret plain text response
[21-Aug-2025 18:27:55 Europe/Berlin] Payment error [TXN: PGTXN_1755793231657]: Could not interpret plain text response
[21-Aug-2025 18:28:55 Europe/Berlin] Payment error [TXN: PGTXN_1755793231657]: Could not interpret plain text response
[21-Aug-2025 18:29:55 Europe/Berlin] Payment error [TXN: PGTXN_1755793231657]: Could not interpret plain text response
[21-Aug-2025 18:30:55 Europe/Berlin] Payment error [TXN: PGTXN_1755793231657]: Could not interpret plain text response
[21-Aug-2025 18:31:55 Europe/Berlin] Payment error [TXN: PGTXN_1755793231657]: Could not interpret plain text response
[21-Aug-2025 18:32:33 Europe/Berlin] Payment error [TXN: PGTXN_1755793231657]: Could not interpret plain text response
[21-Aug-2025 18:32:38 Europe/Berlin] Payment error [TXN: PGTXN_1755793231657]: Could not interpret plain text response
[21-Aug-2025 18:32:43 Europe/Berlin] Payment error [TXN: PGTXN_1755793231657]: Could not interpret plain text response
[21-Aug-2025 18:32:48 Europe/Berlin] Payment error [TXN: PGTXN_1755793231657]: Could not interpret plain text response
[21-Aug-2025 18:32:53 Europe/Berlin] Payment error [TXN: PGTXN_1755793231657]: Could not interpret plain text response
[21-Aug-2025 18:32:58 Europe/Berlin] Payment error [TXN: PGTXN_1755793231657]: Could not interpret plain text response
[21-Aug-2025 18:33:03 Europe/Berlin] Payment error [TXN: PGTXN_1755793231657]: Could not interpret plain text response
[21-Aug-2025 18:33:08 Europe/Berlin] Payment error [TXN: PGTXN_1755793231657]: Could not interpret plain text response
[21-Aug-2025 18:33:13 Europe/Berlin] Payment error [TXN: PGTXN_1755793231657]: Could not interpret plain text response
[21-Aug-2025 18:33:18 Europe/Berlin] Payment error [TXN: PGTXN_1755793231657]: Could not interpret plain text response
[21-Aug-2025 18:33:23 Europe/Berlin] Payment error [TXN: PGTXN_1755793231657]: Could not interpret plain text response
[21-Aug-2025 18:33:28 Europe/Berlin] Payment error [TXN: PGTXN_1755793231657]: Could not interpret plain text response
[21-Aug-2025 18:33:34 Europe/Berlin] Payment error [TXN: PGTXN_1755793231657]: Could not interpret plain text response
[21-Aug-2025 18:33:38 Europe/Berlin] Payment error [TXN: PGTXN_1755793231657]: Could not interpret plain text response
[21-Aug-2025 18:33:43 Europe/Berlin] Payment error [TXN: PGTXN_1755793231657]: Could not interpret plain text response
[21-Aug-2025 18:33:48 Europe/Berlin] Payment error [TXN: PGTXN_1755793231657]: Could not interpret plain text response
[21-Aug-2025 18:33:53 Europe/Berlin] Payment error [TXN: PGTXN_1755793231657]: Could not interpret plain text response
[21-Aug-2025 18:33:58 Europe/Berlin] Payment error [TXN: PGTXN_1755793231657]: Could not interpret plain text response
[21-Aug-2025 18:34:03 Europe/Berlin] Payment error [TXN: PGTXN_1755793231657]: Could not interpret plain text response
[21-Aug-2025 18:34:08 Europe/Berlin] Payment error [TXN: PGTXN_1755793231657]: Could not interpret plain text response
[21-Aug-2025 18:34:13 Europe/Berlin] Payment error [TXN: PGTXN_1755793231657]: Could not interpret plain text response
[21-Aug-2025 18:34:55 Europe/Berlin] Payment error [TXN: PGTXN_1755793231657]: Could not interpret plain text response
[21-Aug-2025 18:35:55 Europe/Berlin] Payment error [TXN: PGTXN_1755793231657]: Could not interpret plain text response
[21-Aug-2025 18:36:00 Europe/Berlin] Payment error [TXN: PGTXN_1755793231657]: Could not interpret plain text response
[21-Aug-2025 18:36:03 Europe/Berlin] Payment error [TXN: PGTXN_1755793231657]: Could not interpret plain text response
[21-Aug-2025 18:36:04 Europe/Berlin] Payment error [TXN: PGTXN_1755793231657]: Could not interpret plain text response
[21-Aug-2025 18:36:07 Europe/Berlin] Payment error [TXN: PGTXN_1755793231657]: Could not interpret plain text response
[21-Aug-2025 18:36:10 Europe/Berlin] Payment error [TXN: PGTXN_1755793231657]: Could not interpret plain text response
[21-Aug-2025 18:36:13 Europe/Berlin] Payment error [TXN: PGTXN_1755793231657]: Could not interpret plain text response
[21-Aug-2025 18:36:16 Europe/Berlin] Payment error [TXN: PGTXN_1755793231657]: Could not interpret plain text response
[21-Aug-2025 18:36:18 Europe/Berlin] Payment error [TXN: PGTXN_1755793231657]: Could not interpret plain text response
[21-Aug-2025 18:36:23 Europe/Berlin] Payment error [TXN: PGTXN_1755793231657]: Could not interpret plain text response
[21-Aug-2025 18:36:28 Europe/Berlin] Payment error [TXN: PGTXN_1755793231657]: Could not interpret plain text response
[21-Aug-2025 18:36:33 Europe/Berlin] Payment error [TXN: PGTXN_1755793231657]: Could not interpret plain text response
[21-Aug-2025 18:36:35 Europe/Berlin] PHP Warning:  Trying to access array offset on value of type null in C:\xampp\htdocs\Clona\Clone\public\payment_token\add_money.php on line 52
[21-Aug-2025 18:36:36 Europe/Berlin] Payment error [TXN: PGTXN_1755793231657]: Could not interpret plain text response
[21-Aug-2025 18:36:41 Europe/Berlin] Payment error [TXN: PGTXN_1755793231657]: Could not interpret plain text response
[21-Aug-2025 18:36:47 Europe/Berlin] Payment error [TXN: PGTXN_1755793231657]: Could not interpret plain text response
[21-Aug-2025 18:36:52 Europe/Berlin] Payment error [TXN: PGTXN_1755793231657]: Could not interpret plain text response
[21-Aug-2025 18:36:56 Europe/Berlin] Payment error [TXN: PGTXN_1755793231657]: Could not interpret plain text response
[21-Aug-2025 18:37:01 Europe/Berlin] Payment error [TXN: PGTXN_1755793231657]: Could not interpret plain text response
[21-Aug-2025 18:37:06 Europe/Berlin] Payment error [TXN: PGTXN_1755793231657]: Could not interpret plain text response
[21-Aug-2025 18:37:11 Europe/Berlin] Payment error [TXN: PGTXN_1755793231657]: Could not interpret plain text response
[21-Aug-2025 18:37:17 Europe/Berlin] Payment error [TXN: PGTXN_1755793231657]: Could not interpret plain text response
[21-Aug-2025 18:37:21 Europe/Berlin] Payment error [TXN: PGTXN_1755793231657]: Could not interpret plain text response
[21-Aug-2025 18:37:27 Europe/Berlin] Payment error [TXN: PGTXN_1755793231657]: Could not interpret plain text response
[21-Aug-2025 18:52:35 Europe/Berlin] JazaPay Initiate Response: Array
(
    [status] => 200
    [txnid] => PGTXN_1755795155959
    [amt] => 100.00
    [payUrl] => https://jazainc.com/api/v2/pg/65188901755795155959
)

[21-Aug-2025 18:59:17 Europe/Berlin] JazaPay Initiate Response: Array
(
    [status] => 200
    [txnid] => PGTXN_1755795558047
    [amt] => 100.00
    [payUrl] => https://jazainc.com/api/v2/pg/61008461755795558047
)

[21-Aug-2025 19:02:43 Europe/Berlin] JazaPay Initiate Response: Array
(
    [status] => 200
    [txnid] => PGTXN_1755795764248
    [amt] => 10.00
    [payUrl] => https://jazainc.com/api/v2/pg/67467961755795764248
)

[21-Aug-2025 19:03:56 Europe/Berlin] JazaPay Initiate Response: Array
(
    [status] => 200
    [txnid] => PGTXN_1755795837007
    [amt] => 10.00
    [payUrl] => https://jazainc.com/api/v2/pg/98427751755795837007
)

[21-Aug-2025 19:27:56 Europe/Berlin] JazaPay Initiate Response: Array
(
    [status] => 200
    [txnid] => PGTXN_1755797276907
    [amt] => 10.00
    [payUrl] => https://jazainc.com/api/v2/pg/57887211755797276907
)

[21-Aug-2025 19:37:21 Europe/Berlin] JazaPay Initiate Response: Array
(
    [status] => 200
    [txnid] => PGTXN_1755797842085
    [amt] => 20.00
    [payUrl] => https://jazainc.com/api/v2/pg/12596801755797842085
)

[21-Aug-2025 19:47:59 Europe/Berlin] JazaPay Initiate Response: Array
(
    [status] => 200
    [txnid] => PGTXN_1755798480002
    [amt] => 10.00
    [payUrl] => https://jazainc.com/api/v2/pg/55371081755798480002
)

[25-Aug-2025 21:57:51 Europe/Berlin] JazaPay Initiate Response: Array
(
    [status] => 200
    [txnid] => PGTXN_1756151874044
    [amt] => 100.00
    [payUrl] => https://jazainc.com/api/v2/pg/1598061756151874044
)

